<?xml version="1.0" encoding="UTF-8"?>
<testsuite name="TestSuite" time="103.552" tests="22" errors="0" skipped="0" failures="0">
  <properties>
    <property name="java.runtime.name" value="Java(TM) SE Runtime Environment"/>
    <property name="sun.boot.library.path" value="C:\Program Files\Java\jre7\bin"/>
    <property name="java.vm.version" value="23.25-b01"/>
    <property name="user.country.format" value="UA"/>
    <property name="java.vm.vendor" value="Oracle Corporation"/>
    <property name="java.vendor.url" value="http://java.oracle.com/"/>
    <property name="path.separator" value=";"/>
    <property name="guice.disable.misplaced.annotation.check" value="true"/>
    <property name="java.vm.name" value="Java HotSpot(TM) 64-Bit Server VM"/>
    <property name="file.encoding.pkg" value="sun.io"/>
    <property name="user.script" value=""/>
    <property name="user.country" value="RU"/>
    <property name="sun.java.launcher" value="SUN_STANDARD"/>
    <property name="sun.os.patch.level" value="Service Pack 1"/>
    <property name="java.vm.specification.name" value="Java Virtual Machine Specification"/>
    <property name="user.dir" value="C:\workspace\Music.day"/>
    <property name="java.runtime.version" value="1.7.0_25-b17"/>
    <property name="java.awt.graphicsenv" value="sun.awt.Win32GraphicsEnvironment"/>
    <property name="java.endorsed.dirs" value="C:\Program Files\Java\jre7\lib\endorsed"/>
    <property name="os.arch" value="amd64"/>
    <property name="java.io.tmpdir" value="C:\Users\Voice\AppData\Local\Temp\"/>
    <property name="line.separator" value="&#10;"/>
    <property name="java.vm.specification.vendor" value="Oracle Corporation"/>
    <property name="user.variant" value=""/>
    <property name="os.name" value="Windows 7"/>
    <property name="classworlds.conf" value="C:\workspace\.metadata\.plugins\org.eclipse.m2e.launching\launches\m2conf1786284423848892813.tmp"/>
    <property name="sun.jnu.encoding" value="Cp1251"/>
    <property name="java.library.path" value="C:\Program Files\Java\jre7\bin;C:\Windows\Sun\Java\bin;C:\Windows\system32;C:\Windows;C:\Users\Voice\AppData\Local\Google\Chrome\Application;C:\Windows\System32;C:\Program Files\TortoiseGit\bin;C:\Program Files (x86)\Maven\bin;C:\Program Files (x86)\Git\cmd;."/>
    <property name="java.specification.name" value="Java Platform API Specification"/>
    <property name="java.class.version" value="51.0"/>
    <property name="sun.management.compiler" value="HotSpot 64-Bit Tiered Compilers"/>
    <property name="os.version" value="6.1"/>
    <property name="user.home" value="C:\Users\Voice"/>
    <property name="user.timezone" value="Europe/Helsinki"/>
    <property name="java.awt.printerjob" value="sun.awt.windows.WPrinterJob"/>
    <property name="java.specification.version" value="1.7"/>
    <property name="file.encoding" value="Cp1251"/>
    <property name="user.name" value="Voice"/>
    <property name="java.class.path" value="/D:/Testing soft/eclipse-standard-kepler-R-win32-x86_64/eclipse/configuration/org.eclipse.osgi/bundles/360/1/.cp/jars/plexus-classworlds-2.4.jar"/>
    <property name="java.vm.specification.version" value="1.7"/>
    <property name="sun.arch.data.model" value="64"/>
    <property name="java.home" value="C:\Program Files\Java\jre7"/>
    <property name="sun.java.command" value="org.codehaus.plexus.classworlds.launcher.Launcher -B test"/>
    <property name="java.specification.vendor" value="Oracle Corporation"/>
    <property name="user.language" value="ru"/>
    <property name="user.language.format" value="uk"/>
    <property name="awt.toolkit" value="sun.awt.windows.WToolkit"/>
    <property name="java.vm.info" value="mixed mode"/>
    <property name="java.version" value="1.7.0_25"/>
    <property name="java.ext.dirs" value="C:\Program Files\Java\jre7\lib\ext;C:\Windows\Sun\Java\lib\ext"/>
    <property name="sun.boot.class.path" value="C:\Program Files\Java\jre7\lib\resources.jar;C:\Program Files\Java\jre7\lib\rt.jar;C:\Program Files\Java\jre7\lib\sunrsasign.jar;C:\Program Files\Java\jre7\lib\jsse.jar;C:\Program Files\Java\jre7\lib\jce.jar;C:\Program Files\Java\jre7\lib\charsets.jar;C:\Program Files\Java\jre7\lib\jfr.jar;C:\Program Files\Java\jre7\classes"/>
    <property name="java.vendor" value="Oracle Corporation"/>
    <property name="maven.home" value="C:\workspace\Music.day\EMBEDDED"/>
    <property name="file.separator" value="\"/>
    <property name="java.vendor.url.bug" value="http://bugreport.sun.com/bugreport/"/>
    <property name="maven.bootclasspath" value="/D:/Testing soft/eclipse-standard-kepler-R-win32-x86_64/eclipse/configuration/org.eclipse.osgi/bundles/360/1/.cp/jars/plexus-classworlds-2.4.jar"/>
    <property name="sun.cpu.endian" value="little"/>
    <property name="sun.io.unicode.encoding" value="UnicodeLittle"/>
    <property name="sun.desktop" value="windows"/>
    <property name="sun.cpu.isalist" value="amd64"/>
  </properties>
  <testcase name="LogIn" classname="user.Login" time="26.128"/>
  <testcase name="PlayMusic" classname="content.PlayMusicOnLand" time="7.842"/>
  <testcase name="MusicGenres" classname="content.Genres" time="2.972"/>
  <testcase name="MusicTitles" classname="content.BlockTitles" time="2.279"/>
  <testcase name="socialOnMusic" classname="content.SocialLinks" time="2.366"/>
  <testcase name="MusicArtists" classname="content.Artists" time="2.886"/>
  <testcase name="blocksOnMusic" classname="content.Bloks" time="4.366"/>
  <testcase name="NovinkiGenres" classname="content.Genres" time="3.498"/>
  <testcase name="NovinkiTitles" classname="content.BlockTitles" time="2.649"/>
  <testcase name="socialOnNovinki" classname="content.SocialLinks" time="2.457"/>
  <testcase name="NovinkiArtists" classname="content.Artists" time="4.557"/>
  <testcase name="blocksOnNovinki" classname="content.Bloks" time="2.272"/>
  <testcase name="AzerTitles" classname="content.BlockTitles" time="2.381"/>
  <testcase name="socialOnAzer" classname="content.SocialLinks" time="2.59"/>
  <testcase name="AzerArtists" classname="content.Artists" time="2.708"/>
  <testcase name="CheckBlocks" classname="content.Bloks" time="2.342"/>
  <testcase name="socialOnPlaylist" classname="content.SocialLinks" time="2.115"/>
  <testcase name="MusicHeader" classname="content.Headers" time="4.489"/>
  <testcase name="NovinkiHeader" classname="content.Headers" time="4.759"/>
  <testcase name="AzerHeader" classname="content.Headers" time="5.059"/>
  <testcase name="PlaylistHeader" classname="content.Headers" time="9.053"/>
  <testcase name="UploadHeader" classname="content.Headers" time="3.784"/>
</testsuite>