<?xml version="1.0" encoding="UTF-8"?>
<testsuite name="TestSuite" time="110.428" tests="22" errors="0" skipped="0" failures="0">
  <properties>
    <property name="java.vendor" value="Oracle Corporation"/>
    <property name="JOB_NAME" value="NurKZ"/>
    <property name="sun.java.launcher" value="SUN_STANDARD"/>
    <property name="windows_tracing_logfile" value="C:\BVTBin\Tests\installpackage\csilogfile.log"/>
    <property name="NUMBER_OF_PROCESSORS" value="4"/>
    <property name="sun.management.compiler" value="HotSpot 64-Bit Tiered Compilers"/>
    <property name="JENKINS_HOME" value="C:\Users\Voice\.jenkins"/>
    <property name="HUDSON_SERVER_COOKIE" value="07e80270c3a9aed0"/>
    <property name="os.name" value="Windows 7"/>
    <property name="sun.boot.class.path" value="C:\Program Files\Java\jdk1.7.0_25\jre\lib\resources.jar;C:\Program Files\Java\jdk1.7.0_25\jre\lib\rt.jar;C:\Program Files\Java\jdk1.7.0_25\jre\lib\sunrsasign.jar;C:\Program Files\Java\jdk1.7.0_25\jre\lib\jsse.jar;C:\Program Files\Java\jdk1.7.0_25\jre\lib\jce.jar;C:\Program Files\Java\jdk1.7.0_25\jre\lib\charsets.jar;C:\Program Files\Java\jdk1.7.0_25\jre\lib\jfr.jar;C:\Program Files\Java\jdk1.7.0_25\jre\classes"/>
    <property name="EXECUTOR_NUMBER" value="0"/>
    <property name="user.country.format" value="UA"/>
    <property name="sun.desktop" value="windows"/>
    <property name="PATHEXT" value=".COM;.EXE;.BAT;.CMD;.VBS;.VBE;.JS;.JSE;.WSF;.WSH;.MSC"/>
    <property name="java.vm.specification.vendor" value="Oracle Corporation"/>
    <property name="NODE_LABELS" value="master"/>
    <property name="TEMP" value="C:\Users\Voice\AppData\Local\Temp"/>
    <property name="java.runtime.version" value="1.7.0_25-b17"/>
    <property name="user.name" value="Voice"/>
    <property name="user.language.format" value="uk"/>
    <property name="guice.disable.misplaced.annotation.check" value="true"/>
    <property name="CommonProgramW6432" value="C:\Program Files\Common Files"/>
    <property name="ProgramFiles" value="C:\Program Files"/>
    <property name="PROMPT" value="$P$G"/>
    <property name="user.language" value="ru"/>
    <property name="BUILD_DISPLAY_NAME" value="#182"/>
    <property name="sun.boot.library.path" value="C:\Program Files\Java\jdk1.7.0_25\jre\bin"/>
    <property name="LOCALAPPDATA" value="C:\Users\Voice\AppData\Local"/>
    <property name="java.version" value="1.7.0_25"/>
    <property name="JAVA_TOOL_OPTIONS" value="-Dfile.encoding=UTF8"/>
    <property name="PROCESSOR_LEVEL" value="6"/>
    <property name="user.timezone" value="Europe/Helsinki"/>
    <property name="USERNAME" value="Voice"/>
    <property name="sun.arch.data.model" value="64"/>
    <property name="NODE_NAME" value="master"/>
    <property name="java.endorsed.dirs" value="C:\Program Files\Java\jdk1.7.0_25\jre\lib\endorsed"/>
    <property name="BUILD_ID" value="2013-10-23_13-20-47"/>
    <property name="sun.cpu.isalist" value="amd64"/>
    <property name="sun.jnu.encoding" value="Cp1251"/>
    <property name="file.encoding.pkg" value="sun.io"/>
    <property name="file.separator" value="\"/>
    <property name="java.specification.name" value="Java Platform API Specification"/>
    <property name="HOMEDRIVE" value="C:"/>
    <property name="java.class.version" value="51.0"/>
    <property name="=::" value="::\"/>
    <property name="org.slf4j.simpleLogger.defaultLogLevel" value="info"/>
    <property name="user.country" value="RU"/>
    <property name="ALLUSERSPROFILE" value="C:\ProgramData"/>
    <property name="java.home" value="C:\Program Files\Java\jdk1.7.0_25\jre"/>
    <property name="java.vm.info" value="mixed mode"/>
    <property name="os.version" value="6.1"/>
    <property name="TMP" value="C:\Users\Voice\AppData\Local\Temp"/>
    <property name="path.separator" value=";"/>
    <property name="java.vm.version" value="23.25-b01"/>
    <property name="user.variant" value=""/>
    <property name="CommonProgramFiles(x86)" value="C:\Program Files (x86)\Common Files"/>
    <property name="java.awt.printerjob" value="sun.awt.windows.WPrinterJob"/>
    <property name="FP_NO_HOST_CHECK" value="NO"/>
    <property name="JAVA_HOME" value="C:\Program Files\Java\jdk1.7.0_25"/>
    <property name="sun.io.unicode.encoding" value="UnicodeLittle"/>
    <property name="CommonProgramFiles" value="C:\Program Files\Common Files"/>
    <property name="ComSpec" value="C:\Windows\system32\cmd.exe"/>
    <property name="HOMEPATH" value="\Users\Voice"/>
    <property name="awt.toolkit" value="sun.awt.windows.WToolkit"/>
    <property name="COMPUTERNAME" value="VOICE-ПК"/>
    <property name="user.script" value=""/>
    <property name="PUBLIC" value="C:\Users\Public"/>
    <property name="user.home" value="C:\Users\Voice"/>
    <property name="BUILD_TAG" value="jenkins-NurKZ-182"/>
    <property name="JENKINS_SERVER_COOKIE" value="07e80270c3a9aed0"/>
    <property name="HUDSON_URL" value="http://localhost:8080/"/>
    <property name="ProgramData" value="C:\ProgramData"/>
    <property name="java.specification.vendor" value="Oracle Corporation"/>
    <property name="USERPROFILE" value="C:\Users\Voice"/>
    <property name="CLASSPATH" value=""/>
    <property name="java.vendor.url" value="http://java.oracle.com/"/>
    <property name="java.library.path" value="C:\Program Files\Java\jdk1.7.0_25\bin;C:\Windows\Sun\Java\bin;C:\Windows\system32;C:\Windows;C:\Program Files (x86)\Maven/bin;C:\Program Files\Java\jdk1.7.0_25/bin;C:\Users\Voice\AppData\Local\Google\Chrome\Application;C:\Windows\System32;C:\Program Files\TortoiseGit\bin;C:\Program Files (x86)\Maven\bin;C:\Program Files (x86)\Git\cmd;."/>
    <property name="java.vm.vendor" value="Oracle Corporation"/>
    <property name="APPDATA" value="C:\Users\Voice\AppData\Roaming"/>
    <property name="java.runtime.name" value="Java(TM) SE Runtime Environment"/>
    <property name="maven.home" value="C:\Program Files (x86)\Maven"/>
    <property name="java.class.path" value="C:\Users\Voice\.jenkins\plugins\maven-plugin\WEB-INF\lib\maven31-agent-1.4.jar;C:\Program Files (x86)\Maven\boot\plexus-classworlds-2.4.2.jar;C:\Program Files (x86)\Maven/conf/logging"/>
    <property name="sun.java.command" value="jenkins.maven3.agent.Maven31Main C:\Program Files (x86)\Maven C:\Users\Voice\.jenkins\war\WEB-INF\lib\remoting-2.32.jar C:\Users\Voice\.jenkins\plugins\maven-plugin\WEB-INF\lib\maven31-interceptor-1.4.jar C:\Users\Voice\.jenkins\plugins\maven-plugin\WEB-INF\lib\maven3-interceptor-commons-1.4.jar 61906"/>
    <property name="Path" value="C:\Users\Voice\AppData\Local\Google\Chrome\Application;C:\Windows\System32;C:\Program Files\TortoiseGit\bin;C:\Program Files (x86)\Maven\bin;C:\Program Files (x86)\Git\cmd"/>
    <property name="java.vm.specification.name" value="Java Virtual Machine Specification"/>
    <property name="PROCESSOR_ARCHITECTURE" value="AMD64"/>
    <property name="PATH+JDK" value="C:\Program Files\Java\jdk1.7.0_25/bin"/>
    <property name="PROCESSOR_IDENTIFIER" value="Intel64 Family 6 Model 42 Stepping 7, GenuineIntel"/>
    <property name="SESSIONNAME" value="Console"/>
    <property name="java.vm.specification.version" value="1.7"/>
    <property name="sun.os.patch.level" value="Service Pack 1"/>
    <property name="sun.cpu.endian" value="little"/>
    <property name="M2_HOME" value="C:\Program Files (x86)\Maven"/>
    <property name="java.io.tmpdir" value="C:\Users\Voice\AppData\Local\Temp\"/>
    <property name="OS" value="Windows_NT"/>
    <property name="HUDSON_HOME" value="C:\Users\Voice\.jenkins"/>
    <property name="PATH+MAVEN" value="C:\Program Files (x86)\Maven/bin"/>
    <property name="ProgramFiles(x86)" value="C:\Program Files (x86)"/>
    <property name="BUILD_URL" value="http://localhost:8080/job/NurKZ/182/"/>
    <property name="java.vendor.url.bug" value="http://bugreport.sun.com/bugreport/"/>
    <property name="java.awt.graphicsenv" value="sun.awt.Win32GraphicsEnvironment"/>
    <property name="os.arch" value="amd64"/>
    <property name="SystemRoot" value="C:\Windows"/>
    <property name="windows_tracing_flags" value="3"/>
    <property name="java.ext.dirs" value="C:\Program Files\Java\jdk1.7.0_25\jre\lib\ext;C:\Windows\Sun\Java\lib\ext"/>
    <property name="user.dir" value="C:\workspace\Music.day"/>
    <property name="JOB_URL" value="http://localhost:8080/job/NurKZ/"/>
    <property name="LOGONSERVER" value="\\VOICE-ПК"/>
    <property name="USERDOMAIN" value="Voice-ПК"/>
    <property name="line.separator" value="&#10;"/>
    <property name="MAVEN_HOME" value="C:\Program Files (x86)\Maven"/>
    <property name="java.vm.name" value="Java HotSpot(TM) 64-Bit Server VM"/>
    <property name="BUILD_NUMBER" value="182"/>
    <property name="JENKINS_URL" value="http://localhost:8080/"/>
    <property name="PROCESSOR_REVISION" value="2a07"/>
    <property name="ProgramW6432" value="C:\Program Files"/>
    <property name="windir" value="C:\Windows"/>
    <property name="=C:" value="c:\Jenkins"/>
    <property name="file.encoding" value="UTF8"/>
    <property name="SystemDrive" value="C:"/>
    <property name="maven3.interceptor" value="C:\Users\Voice\.jenkins\plugins\maven-plugin\WEB-INF\lib\maven31-interceptor-1.4.jar"/>
    <property name="WORKSPACE" value="C:\Users\Voice\.jenkins\workspace\NurKZ"/>
    <property name="maven3.interceptor.common" value="C:\Users\Voice\.jenkins\plugins\maven-plugin\WEB-INF\lib\maven3-interceptor-commons-1.4.jar"/>
    <property name="java.specification.version" value="1.7"/>
    <property name="PSModulePath" value="C:\Windows\system32\WindowsPowerShell\v1.0\Modules\"/>
  </properties>
  <testcase name="LogIn" classname="user.Login" time="19.37"/>
  <testcase name="PlayMusic" classname="content.PlayMusicOnLand" time="13.607"/>
  <testcase name="socialOnMusic" classname="content.SocialLinks" time="2.898"/>
  <testcase name="MusicGenres" classname="content.Genres" time="6.447"/>
  <testcase name="MusicTitles" classname="content.BlockTitles" time="3.166"/>
  <testcase name="MusicArtists" classname="content.Artists" time="3.187"/>
  <testcase name="blocksOnMusic" classname="content.Bloks" time="2.232"/>
  <testcase name="socialOnNovinki" classname="content.SocialLinks" time="2.439"/>
  <testcase name="AzerGenres" classname="content.Genres" time="3.469"/>
  <testcase name="NovinkiTitles" classname="content.BlockTitles" time="2.061"/>
  <testcase name="NovinkiArtists" classname="content.Artists" time="2.524"/>
  <testcase name="blocksOnNovinki" classname="content.Bloks" time="2.485"/>
  <testcase name="socialOnAzer" classname="content.SocialLinks" time="2.642"/>
  <testcase name="AzerTitles" classname="content.BlockTitles" time="2.64"/>
  <testcase name="AzerArtists" classname="content.Artists" time="3.079"/>
  <testcase name="CheckBlocks" classname="content.Bloks" time="2.486"/>
  <testcase name="socialOnPlaylist" classname="content.SocialLinks" time="2.284"/>
  <testcase name="MusicHeader" classname="content.Headers" time="5.379"/>
  <testcase name="NovinkiHeader" classname="content.Headers" time="7.353"/>
  <testcase name="AzerHeader" classname="content.Headers" time="11.825"/>
  <testcase name="PlaylistHeader" classname="content.Headers" time="4.537"/>
  <testcase name="UploadHeader" classname="content.Headers" time="4.318"/>
</testsuite>