<?xml version="1.0" encoding="UTF-8"?>
<!-- Generated by org.testng.reporters.JUnitReportReporter -->
<testsuite hostname="Voice-ПК" name="user.Login" tests="1" failures="0" timestamp="24 Oct 2013 13:44:44 GMT" time="12.981" errors="0">
  <testcase name="LogIn" time="12.981" classname="user.Login"/>
</testsuite> <!-- user.Login -->
