<?xml version="1.0" encoding="UTF-8"?>
<!-- Generated by org.testng.reporters.JUnitReportReporter -->
<testsuite hostname="Voice-ПК" name="uploadTrack.Upload" tests="1" failures="1" timestamp="25 Oct 2013 12:19:31 GMT" time="0.000" errors="0">
  <testcase name="UploadTrack" time="0.000" classname="uploadTrack.Upload"/>
</testsuite> <!-- uploadTrack.Upload -->
