<?xml version="1.0" encoding="UTF-8"?>
<!-- Generated by org.testng.reporters.JUnitReportReporter -->
<testsuite hostname="Voice-ПК" name="content.Artists" tests="3" failures="0" timestamp="23 Oct 2013 09:24:31 GMT" time="14.495" errors="0">
  <testcase name="MusicArtists" time="6.058" classname="content.Artists"/>
  <testcase name="AzerArtists" time="4.677" classname="content.Artists"/>
  <testcase name="NovinkiArtists" time="3.760" classname="content.Artists"/>
</testsuite> <!-- content.Artists -->
