<?xml version="1.0" encoding="UTF-8"?>
<!-- Generated by org.testng.reporters.JUnitReportReporter -->
<testsuite hostname="Voice-ПК" name="content.PlayMusicOnLand" tests="1" failures="0" timestamp="5 Nov 2013 22:08:20 GMT" time="14.704" errors="0">
  <testcase name="PlayMusic" time="14.704" classname="content.PlayMusicOnLand"/>
</testsuite> <!-- content.PlayMusicOnLand -->
