<?xml version="1.0" encoding="UTF-8"?>
<!-- Generated by org.testng.reporters.JUnitReportReporter -->
<testsuite hostname="Voice-ПК" name="content.Bloks" tests="3" failures="0" timestamp="23 Oct 2013 10:15:05 GMT" time="7.614" errors="0">
  <testcase name="CheckBlocks" time="2.751" classname="content.Bloks"/>
  <testcase name="blocksOnNovinki" time="2.534" classname="content.Bloks"/>
  <testcase name="blocksOnMusic" time="2.329" classname="content.Bloks"/>
</testsuite> <!-- content.Bloks -->
