<?xml version="1.0" encoding="UTF-8"?>
<!-- Generated by org.testng.reporters.JUnitReportReporter -->
<testsuite hostname="Voice-ПК" name="content.Genres" tests="2" failures="0" timestamp="22 Oct 2013 15:39:11 GMT" time="8.389" errors="0">
  <testcase name="NovinkiGenres" time="4.387" classname="content.Genres"/>
  <testcase name="MusicGenres" time="4.002" classname="content.Genres"/>
</testsuite> <!-- content.Genres -->
