<?xml version="1.0" encoding="UTF-8"?>
<!-- Generated by org.testng.reporters.JUnitReportReporter -->
<testsuite hostname="Voice-ПК" name="user.Login" tests="1" failures="0" timestamp="23 Oct 2013 09:24:31 GMT" time="17.393" errors="0">
  <testcase name="LogIn" time="17.393" classname="user.Login"/>
</testsuite> <!-- user.Login -->
