<?xml version="1.0" encoding="UTF-8"?>
<!-- Generated by org.testng.reporters.JUnitReportReporter -->
<testsuite hostname="Voice-ПК" name="content.Artists" tests="3" failures="0" timestamp="22 Oct 2013 15:39:11 GMT" time="10.552" errors="0">
  <testcase name="MusicArtists" time="3.919" classname="content.Artists"/>
  <testcase name="NovinkiArtists" time="2.628" classname="content.Artists"/>
  <testcase name="AzerArtists" time="4.005" classname="content.Artists"/>
</testsuite> <!-- content.Artists -->
