<?xml version="1.0" encoding="UTF-8"?>
<!-- Generated by org.testng.reporters.JUnitReportReporter -->
<testsuite hostname="Voice-ПК" name="content.Bloks" tests="3" failures="0" timestamp="23 Oct 2013 09:24:31 GMT" time="9.944" errors="0">
  <testcase name="blocksOnMusic" time="4.063" classname="content.Bloks"/>
  <testcase name="CheckBlocks" time="2.504" classname="content.Bloks"/>
  <testcase name="blocksOnNovinki" time="3.377" classname="content.Bloks"/>
</testsuite> <!-- content.Bloks -->
