<?xml version="1.0" encoding="UTF-8"?>
<!-- Generated by org.testng.reporters.JUnitReportReporter -->
<testsuite hostname="Voice-ПК" name="content.Artists" tests="3" failures="0" timestamp="23 Oct 2013 09:48:03 GMT" time="9.240" errors="0">
  <testcase name="MusicArtists" time="3.203" classname="content.Artists"/>
  <testcase name="AzerArtists" time="3.537" classname="content.Artists"/>
  <testcase name="NovinkiArtists" time="2.500" classname="content.Artists"/>
</testsuite> <!-- content.Artists -->
