<?xml version="1.0" encoding="UTF-8"?>
<!-- Generated by org.testng.reporters.JUnitReportReporter -->
<testsuite hostname="Voice-ПК" name="content.BlockTitles" tests="3" failures="0" timestamp="23 Oct 2013 10:15:05 GMT" time="7.443" errors="0">
  <testcase name="MusicTitles" time="2.489" classname="content.BlockTitles"/>
  <testcase name="NovinkiTitles" time="2.263" classname="content.BlockTitles"/>
  <testcase name="AzerTitles" time="2.691" classname="content.BlockTitles"/>
</testsuite> <!-- content.BlockTitles -->
