<?xml version="1.0" encoding="UTF-8"?>
<!-- Generated by org.testng.reporters.JUnitReportReporter -->
<testsuite hostname="Voice-ПК" name="content.Bloks" tests="3" failures="0" timestamp="5 Nov 2013 22:08:20 GMT" time="12.011" errors="0">
  <testcase name="blocksOnMusic" time="3.669" classname="content.Bloks"/>
  <testcase name="blocksOnNovinki" time="3.349" classname="content.Bloks"/>
  <testcase name="CheckBlocks" time="4.993" classname="content.Bloks"/>
</testsuite> <!-- content.Bloks -->
