<?xml version="1.0" encoding="UTF-8"?>
<!-- Generated by org.testng.reporters.JUnitReportReporter -->
<testsuite hostname="Voice-ПК" name="content.PlayMusicOnLand" tests="1" failures="0" timestamp="23 Oct 2013 09:57:41 GMT" time="10.471" errors="0">
  <testcase name="PlayMusic" time="10.471" classname="content.PlayMusicOnLand"/>
</testsuite> <!-- content.PlayMusicOnLand -->
