<?xml version="1.0" encoding="UTF-8"?>
<!-- Generated by org.testng.reporters.JUnitReportReporter -->
<testsuite hostname="Voice-ПК" name="content.Artists" tests="3" failures="0" timestamp="23 Oct 2013 08:28:26 GMT" time="14.444" errors="0">
  <testcase name="NovinkiArtists" time="3.927" classname="content.Artists"/>
  <testcase name="AzerArtists" time="4.088" classname="content.Artists"/>
  <testcase name="MusicArtists" time="6.429" classname="content.Artists"/>
</testsuite> <!-- content.Artists -->
