<?xml version="1.0" encoding="UTF-8"?>
<!-- Generated by org.testng.reporters.JUnitReportReporter -->
<testsuite hostname="Voice-ПК" name="content.BlockTitles" tests="3" failures="0" timestamp="23 Oct 2013 09:48:03 GMT" time="9.975" errors="0">
  <testcase name="MusicTitles" time="5.247" classname="content.BlockTitles"/>
  <testcase name="NovinkiTitles" time="2.432" classname="content.BlockTitles"/>
  <testcase name="AzerTitles" time="2.296" classname="content.BlockTitles"/>
</testsuite> <!-- content.BlockTitles -->
