<?xml version="1.0" encoding="UTF-8"?>
<!-- Generated by org.testng.reporters.JUnitReportReporter -->
<testsuite hostname="Voice-ПК" name="content.Bloks" tests="3" failures="0" timestamp="23 Oct 2013 09:48:03 GMT" time="7.190" errors="0">
  <testcase name="blocksOnMusic" time="2.331" classname="content.Bloks"/>
  <testcase name="CheckBlocks" time="2.688" classname="content.Bloks"/>
  <testcase name="blocksOnNovinki" time="2.171" classname="content.Bloks"/>
</testsuite> <!-- content.Bloks -->
