<?xml version="1.0" encoding="UTF-8"?>
<!-- Generated by org.testng.reporters.JUnitReportReporter -->
<testsuite hostname="Voice-ПК" name="content.SocialLinks" tests="4" failures="0" timestamp="23 Oct 2013 09:57:41 GMT" time="10.014" errors="0">
  <testcase name="socialOnAzer" time="2.871" classname="content.SocialLinks"/>
  <testcase name="socialOnMusic" time="2.486" classname="content.SocialLinks"/>
  <testcase name="socialOnNovinki" time="2.440" classname="content.SocialLinks"/>
  <testcase name="socialOnPlaylist" time="2.217" classname="content.SocialLinks"/>
</testsuite> <!-- content.SocialLinks -->
