<?xml version="1.0" encoding="UTF-8"?>
<!-- Generated by org.testng.reporters.JUnitReportReporter -->
<testsuite hostname="Voice-ПК" name="content.Artists" tests="3" failures="0" timestamp="5 Nov 2013 22:08:20 GMT" time="13.652" errors="0">
  <testcase name="MusicArtists" time="4.473" classname="content.Artists"/>
  <testcase name="AzerArtists" time="4.881" classname="content.Artists"/>
  <testcase name="NovinkiArtists" time="4.298" classname="content.Artists"/>
</testsuite> <!-- content.Artists -->
