<?xml version="1.0" encoding="UTF-8"?>
<!-- Generated by org.testng.reporters.JUnitReportReporter -->
<testsuite hostname="Voice-ПК" name="content.Genres" tests="2" failures="0" timestamp="5 Nov 2013 22:08:20 GMT" time="10.256" errors="0">
  <testcase name="AzerGenres" time="5.179" classname="content.Genres"/>
  <testcase name="MusicGenres" time="5.077" classname="content.Genres"/>
</testsuite> <!-- content.Genres -->
