<?xml version="1.0" encoding="UTF-8"?>
<!-- Generated by org.testng.reporters.JUnitReportReporter -->
<testsuite hostname="Voice-ПК" name="content.Bloks" tests="3" failures="0" timestamp="21 Oct 2013 14:01:53 GMT" time="15.460" errors="0">
  <testcase name="blocksOnMusic" time="6.480" classname="content.Bloks"/>
  <testcase name="CheckBlocks" time="5.350" classname="content.Bloks"/>
  <testcase name="blocksOnNovinki" time="3.630" classname="content.Bloks"/>
</testsuite> <!-- content.Bloks -->
