<?xml version="1.0" encoding="UTF-8"?>
<!-- Generated by org.testng.reporters.JUnitReportReporter -->
<testsuite hostname="Voice-ПК" name="content.BlockTitles" tests="3" failures="0" timestamp="23 Oct 2013 09:24:31 GMT" time="63.655" errors="0">
  <testcase name="AzerTitles" time="3.037" classname="content.BlockTitles"/>
  <testcase name="NovinkiTitles" time="4.976" classname="content.BlockTitles"/>
  <testcase name="MusicTitles" time="55.642" classname="content.BlockTitles"/>
</testsuite> <!-- content.BlockTitles -->
