<?xml version="1.0" encoding="UTF-8"?>
<!-- Generated by org.testng.reporters.JUnitReportReporter -->
<testsuite hostname="Voice-ПК" name="content.Bloks" tests="3" failures="0" timestamp="22 Oct 2013 15:39:11 GMT" time="11.488" errors="0">
  <testcase name="blocksOnNovinki" time="3.624" classname="content.Bloks"/>
  <testcase name="CheckBlocks" time="4.630" classname="content.Bloks"/>
  <testcase name="blocksOnMusic" time="3.234" classname="content.Bloks"/>
</testsuite> <!-- content.Bloks -->
