<?xml version="1.0" encoding="UTF-8"?>
<!-- Generated by org.testng.reporters.JUnitReportReporter -->
<testsuite hostname="Voice-ПК" name="content.Genres" tests="2" failures="0" timestamp="23 Oct 2013 10:15:05 GMT" time="6.257" errors="0">
  <testcase name="AzerGenres" time="3.068" classname="content.Genres"/>
  <testcase name="MusicGenres" time="3.189" classname="content.Genres"/>
</testsuite> <!-- content.Genres -->
