<?xml version="1.0" encoding="UTF-8"?>
<!-- Generated by org.testng.reporters.JUnitReportReporter -->
<testsuite hostname="Voice-ПК" name="download.Download" tests="1" failures="0" timestamp="8 Nov 2013 10:35:12 GMT" time="66.578" errors="0">
  <testcase name="download" time="66.578" classname="download.Download"/>
</testsuite> <!-- download.Download -->
