<?xml version="1.0" encoding="UTF-8"?>
<!-- Generated by org.testng.reporters.JUnitReportReporter -->
<testsuite hostname="Voice-ПК" name="content.BlockTitles" tests="3" failures="0" timestamp="22 Oct 2013 15:39:11 GMT" time="12.771" errors="0">
  <testcase name="NovinkiTitles" time="3.510" classname="content.BlockTitles"/>
  <testcase name="MusicTitles" time="3.437" classname="content.BlockTitles"/>
  <testcase name="AzerTitles" time="5.824" classname="content.BlockTitles"/>
</testsuite> <!-- content.BlockTitles -->
