<?xml version="1.0" encoding="UTF-8"?>
<!-- Generated by org.testng.reporters.JUnitReportReporter -->
<testsuite hostname="Voice-ПК" name="content.PlayMusicOnLand" tests="1" failures="0" timestamp="24 Oct 2013 13:44:44 GMT" time="7.762" errors="0">
  <testcase name="PlayMusic" time="7.762" classname="content.PlayMusicOnLand"/>
</testsuite> <!-- content.PlayMusicOnLand -->
