<?xml version="1.0" encoding="UTF-8"?>
<!-- Generated by org.testng.reporters.JUnitReportReporter -->
<testsuite hostname="Voice-ПК" name="content.Headers" tests="5" failures="5" timestamp="5 Nov 2013 22:08:20 GMT" time="0.000" errors="0">
  <testcase name="MusicHeader" time="0.000" classname="content.Headers"/>
  <testcase name="AzerHeader" time="0.000" classname="content.Headers"/>
  <testcase name="NovinkiHeader" time="0.000" classname="content.Headers"/>
  <testcase name="PlaylistHeader" time="0.000" classname="content.Headers"/>
  <testcase name="UploadHeader" time="0.000" classname="content.Headers"/>
</testsuite> <!-- content.Headers -->
