<?xml version="1.0" encoding="UTF-8"?>
<!-- Generated by org.testng.reporters.JUnitReportReporter -->
<testsuite hostname="Voice-ПК" name="content.Headers" tests="5" failures="0" timestamp="23 Oct 2013 10:15:05 GMT" time="23.742" errors="0">
  <testcase name="NovinkiHeader" time="5.317" classname="content.Headers"/>
  <testcase name="AzerHeader" time="5.224" classname="content.Headers"/>
  <testcase name="MusicHeader" time="4.532" classname="content.Headers"/>
  <testcase name="UploadHeader" time="4.046" classname="content.Headers"/>
  <testcase name="PlaylistHeader" time="4.623" classname="content.Headers"/>
</testsuite> <!-- content.Headers -->
