<?xml version="1.0" encoding="UTF-8"?>
<!-- Generated by org.testng.reporters.JUnitReportReporter -->
<testsuite hostname="Voice-ПК" name="content.Headers" tests="5" failures="0" timestamp="23 Oct 2013 09:48:03 GMT" time="24.962" errors="0">
  <testcase name="UploadHeader" time="3.945" classname="content.Headers"/>
  <testcase name="NovinkiHeader" time="5.713" classname="content.Headers"/>
  <testcase name="MusicHeader" time="5.224" classname="content.Headers"/>
  <testcase name="AzerHeader" time="5.241" classname="content.Headers"/>
  <testcase name="PlaylistHeader" time="4.839" classname="content.Headers"/>
</testsuite> <!-- content.Headers -->
