<?xml version="1.0" encoding="UTF-8"?>
<!-- Generated by org.testng.reporters.JUnitReportReporter -->
<testsuite hostname="Voice-ПК" name="content.Headers" tests="5" failures="0" timestamp="23 Oct 2013 09:57:41 GMT" time="24.144" errors="0">
  <testcase name="NovinkiHeader" time="4.898" classname="content.Headers"/>
  <testcase name="AzerHeader" time="5.162" classname="content.Headers"/>
  <testcase name="UploadHeader" time="4.368" classname="content.Headers"/>
  <testcase name="MusicHeader" time="4.717" classname="content.Headers"/>
  <testcase name="PlaylistHeader" time="4.999" classname="content.Headers"/>
</testsuite> <!-- content.Headers -->
