<?xml version="1.0" encoding="UTF-8"?>
<!-- Generated by org.testng.reporters.JUnitReportReporter -->
<testsuite hostname="Voice-ПК" name="content.BlockTitles" tests="3" failures="0" timestamp="5 Nov 2013 22:08:20 GMT" time="12.120" errors="0">
  <testcase name="MusicTitles" time="3.391" classname="content.BlockTitles"/>
  <testcase name="AzerTitles" time="3.679" classname="content.BlockTitles"/>
  <testcase name="NovinkiTitles" time="5.050" classname="content.BlockTitles"/>
</testsuite> <!-- content.BlockTitles -->
