<?xml version="1.0" encoding="UTF-8"?>
<!-- Generated by org.testng.reporters.JUnitReportReporter -->
<testsuite hostname="Voice-ПК" name="content.BlockTitles" tests="3" failures="0" timestamp="23 Oct 2013 09:57:41 GMT" time="7.541" errors="0">
  <testcase name="MusicTitles" time="2.701" classname="content.BlockTitles"/>
  <testcase name="AzerTitles" time="2.587" classname="content.BlockTitles"/>
  <testcase name="NovinkiTitles" time="2.253" classname="content.BlockTitles"/>
</testsuite> <!-- content.BlockTitles -->
