<?xml version="1.0" encoding="UTF-8"?>
<!-- Generated by org.testng.reporters.JUnitReportReporter -->
<testsuite hostname="Voice-ПК" name="user.Login" tests="1" failures="0" timestamp="23 Oct 2013 10:15:05 GMT" time="26.305" errors="0">
  <testcase name="LogIn" time="26.305" classname="user.Login"/>
</testsuite> <!-- user.Login -->
