<?xml version="1.0" encoding="UTF-8"?>
<!-- Generated by org.testng.reporters.JUnitReportReporter -->
<testsuite hostname="Voice-ПК" name="content.Genres" tests="2" failures="0" timestamp="23 Oct 2013 09:57:41 GMT" time="7.201" errors="0">
  <testcase name="AzerGenres" time="3.449" classname="content.Genres"/>
  <testcase name="MusicGenres" time="3.752" classname="content.Genres"/>
</testsuite> <!-- content.Genres -->
