<?xml version="1.0" encoding="UTF-8"?>
<!-- Generated by org.testng.reporters.JUnitReportReporter -->
<testsuite hostname="Voice-ПК" name="content.Genres" tests="2" failures="0" timestamp="23 Oct 2013 09:24:31 GMT" time="93.552" errors="0">
  <testcase name="AzerGenres" time="6.512" classname="content.Genres"/>
  <testcase name="MusicGenres" time="87.040" classname="content.Genres"/>
</testsuite> <!-- content.Genres -->
