<?xml version="1.0" encoding="UTF-8"?>
<!-- Generated by org.testng.reporters.JUnitReportReporter -->
<testsuite hostname="Voice-ПК" name="content.PlayMusicOnLand" tests="1" failures="0" timestamp="23 Oct 2013 10:15:05 GMT" time="9.131" errors="0">
  <testcase name="PlayMusic" time="9.131" classname="content.PlayMusicOnLand"/>
</testsuite> <!-- content.PlayMusicOnLand -->
