<?xml version="1.0" encoding="UTF-8"?>
<!-- Generated by org.testng.reporters.JUnitReportReporter -->
<testsuite hostname="Voice-ПК" name="content.Artists" tests="3" failures="0" timestamp="23 Oct 2013 09:57:41 GMT" time="9.085" errors="0">
  <testcase name="NovinkiArtists" time="2.435" classname="content.Artists"/>
  <testcase name="AzerArtists" time="3.952" classname="content.Artists"/>
  <testcase name="MusicArtists" time="2.698" classname="content.Artists"/>
</testsuite> <!-- content.Artists -->
