<?xml version="1.0" encoding="UTF-8"?>
<!-- Generated by org.testng.reporters.JUnitReportReporter -->
<testsuite hostname="Voice-ПК" name="content.SocialLinks" tests="4" failures="0" timestamp="23 Oct 2013 10:15:05 GMT" time="11.059" errors="0">
  <testcase name="socialOnMusic" time="2.445" classname="content.SocialLinks"/>
  <testcase name="socialOnNovinki" time="3.044" classname="content.SocialLinks"/>
  <testcase name="socialOnAzer" time="2.992" classname="content.SocialLinks"/>
  <testcase name="socialOnPlaylist" time="2.578" classname="content.SocialLinks"/>
</testsuite> <!-- content.SocialLinks -->
