<?xml version="1.0" encoding="UTF-8"?>
<!-- Generated by org.testng.reporters.JUnitReportReporter -->
<testsuite hostname="Voice-ПК" name="user.Login" tests="1" failures="0" timestamp="23 Oct 2013 09:48:03 GMT" time="16.102" errors="0">
  <testcase name="LogIn" time="16.102" classname="user.Login"/>
</testsuite> <!-- user.Login -->
