<?xml version="1.0" encoding="UTF-8"?>
<!-- Generated by org.testng.reporters.JUnitReportReporter -->
<testsuite hostname="Voice-ПК" name="content.Artists" tests="3" failures="0" timestamp="23 Oct 2013 10:15:05 GMT" time="9.149" errors="0">
  <testcase name="MusicArtists" time="3.405" classname="content.Artists"/>
  <testcase name="NovinkiArtists" time="2.421" classname="content.Artists"/>
  <testcase name="AzerArtists" time="3.323" classname="content.Artists"/>
</testsuite> <!-- content.Artists -->
